# JRE version: Java(TM) SE Runtime Environment (8.0_331-b09) (build 1.8.0_331-b09)
# Java VM: Java HotSpot(TM) 64-Bit Server VM (25.331-b09 mixed mode windows-amd64 compressed oops)
Heap:
 PSYoungGen      total 287232K, used 240608K [0x000000076bd80000, 0x000000077f380000, 0x00000007c0000000)
  eden space 265216K, 82% used [0x000000076bd80000,0x00000007792f9da0,0x000000077c080000)
  from space 22016K, 99% used [0x000000077c080000,0x000000077d5fe658,0x000000077d600000)
  to   space 19968K, 0% used [0x000000077d600000,0x000000077d600000,0x000000077e980000)
 ParOldGen       total 226304K, used 40044K [0x00000006c3800000, 0x00000006d1500000, 0x000000076bd80000)
  object space 226304K, 17% used [0x00000006c3800000,0x00000006c5f1b1c8,0x00000006d1500000)
 Metaspace       used 77571K, capacity 81954K, committed 82176K, reserved 1120256K
  class space    used 10037K, capacity 10718K, committed 10752K, reserved 1048576K
GC Heap History (10 events):
Event: 5.464 GC heap before
{Heap before GC invocations=10 (full 2):
 PSYoungGen      total 167424K, used 126404K [0x000000076bd80000, 0x000000077bc80000, 0x00000007c0000000)
  eden space 153600K, 73% used [0x000000076bd80000,0x0000000772b71338,0x0000000775380000)
  from space 13824K, 99% used [0x0000000775380000,0x00000007760fffd8,0x0000000776100000)
  to   space 17920K, 0% used [0x000000077ab00000,0x000000077ab00000,0x000000077bc80000)
 ParOldGen       total 160768K, used 22021K [0x00000006c3800000, 0x00000006cd500000, 0x000000076bd80000)
  object space 160768K, 13% used [0x00000006c3800000,0x00000006c4d816d8,0x00000006cd500000)
 Metaspace       used 56183K, capacity 58880K, committed 59008K, reserved 1099776K
  class space    used 7520K, capacity 7983K, committed 8064K, reserved 1048576K
Event: 5.476 GC heap after
Heap after GC invocations=10 (full 2):
 PSYoungGen      total 242176K, used 14489K [0x000000076bd80000, 0x000000077c100000, 0x00000007c0000000)
  eden space 224256K, 0% used [0x000000076bd80000,0x000000076bd80000,0x0000000779880000)
  from space 17920K, 80% used [0x000000077ab00000,0x000000077b9264e8,0x000000077bc80000)
  to   space 18944K, 0% used [0x0000000779880000,0x0000000779880000,0x000000077ab00000)
 ParOldGen       total 160768K, used 22037K [0x00000006c3800000, 0x00000006cd500000, 0x000000076bd80000)
  object space 160768K, 13% used [0x00000006c3800000,0x00000006c4d856d8,0x00000006cd500000)
 Metaspace       used 56183K, capacity 58880K, committed 59008K, reserved 1099776K
  class space    used 7520K, capacity 7983K, committed 8064K, reserved 1048576K
}
Event: 5.476 GC heap before
{Heap before GC invocations=11 (full 3):
 PSYoungGen      total 242176K, used 14489K [0x000000076bd80000, 0x000000077c100000, 0x00000007c0000000)
  eden space 224256K, 0% used [0x000000076bd80000,0x000000076bd80000,0x0000000779880000)
  from space 17920K, 80% used [0x000000077ab00000,0x000000077b9264e8,0x000000077bc80000)
  to   space 18944K, 0% used [0x0000000779880000,0x0000000779880000,0x000000077ab00000)
 ParOldGen       total 160768K, used 22037K [0x00000006c3800000, 0x00000006cd500000, 0x000000076bd80000)
  object space 160768K, 13% used [0x00000006c3800000,0x00000006c4d856d8,0x00000006cd500000)
 Metaspace       used 56183K, capacity 58880K, committed 59008K, reserved 1099776K
  class space    used 7520K, capacity 7983K, committed 8064K, reserved 1048576K
Event: 5.582 GC heap after
Heap after GC invocations=11 (full 3):
 PSYoungGen      total 242176K, used 0K [0x000000076bd80000, 0x000000077c100000, 0x00000007c0000000)
  eden space 224256K, 0% used [0x000000076bd80000,0x000000076bd80000,0x0000000779880000)
  from space 17920K, 0% used [0x000000077ab00000,0x000000077ab00000,0x000000077bc80000)
  to   space 18944K, 0% used [0x0000000779880000,0x0000000779880000,0x000000077ab00000)
 ParOldGen       total 226304K, used 27517K [0x00000006c3800000, 0x00000006d1500000, 0x000000076bd80000)
  object space 226304K, 12% used [0x00000006c3800000,0x00000006c52df5f8,0x00000006d1500000)
 Metaspace       used 56183K, capacity 58880K, committed 59008K, reserved 1099776K
  class space    used 7520K, capacity 7983K, committed 8064K, reserved 1048576K
}
Event: 12.155 GC heap before
{Heap before GC invocations=12 (full 3):
 PSYoungGen      total 242176K, used 224256K [0x000000076bd80000, 0x000000077c100000, 0x00000007c0000000)
  eden space 224256K, 100% used [0x000000076bd80000,0x0000000779880000,0x0000000779880000)
  from space 17920K, 0% used [0x000000077ab00000,0x000000077ab00000,0x000000077bc80000)
  to   space 18944K, 0% used [0x0000000779880000,0x0000000779880000,0x000000077ab00000)
 ParOldGen       total 226304K, used 27517K [0x00000006c3800000, 0x00000006d1500000, 0x000000076bd80000)
  object space 226304K, 12% used [0x00000006c3800000,0x00000006c52df5f8,0x00000006d1500000)
 Metaspace       used 65558K, capacity 69154K, committed 69248K, reserved 1110016K
  class space    used 8721K, capacity 9318K, committed 9344K, reserved 1048576K
Event: 12.165 GC heap after
Heap after GC invocations=12 (full 3):
 PSYoungGen      total 243200K, used 15843K [0x000000076bd80000, 0x000000077e980000, 0x00000007c0000000)
  eden space 224256K, 0% used [0x000000076bd80000,0x000000076bd80000,0x0000000779880000)
  from space 18944K, 83% used [0x0000000779880000,0x000000077a7f8fe8,0x000000077ab00000)
  to   space 19968K, 0% used [0x000000077d600000,0x000000077d600000,0x000000077e980000)
 ParOldGen       total 226304K, used 27525K [0x00000006c3800000, 0x00000006d1500000, 0x000000076bd80000)
  object space 226304K, 12% used [0x00000006c3800000,0x00000006c52e15f8,0x00000006d1500000)
 Metaspace       used 65558K, capacity 69154K, committed 69248K, reserved 1110016K
  class space    used 8721K, capacity 9318K, committed 9344K, reserved 1048576K
}
Event: 12.917 GC heap before
{Heap before GC invocations=13 (full 3):
 PSYoungGen      total 243200K, used 240099K [0x000000076bd80000, 0x000000077e980000, 0x00000007c0000000)
  eden space 224256K, 100% used [0x000000076bd80000,0x0000000779880000,0x0000000779880000)
  from space 18944K, 83% used [0x0000000779880000,0x000000077a7f8fe8,0x000000077ab00000)
  to   space 19968K, 0% used [0x000000077d600000,0x000000077d600000,0x000000077e980000)
 ParOldGen       total 226304K, used 27525K [0x00000006c3800000, 0x00000006d1500000, 0x000000076bd80000)
  object space 226304K, 12% used [0x00000006c3800000,0x00000006c52e15f8,0x00000006d1500000)
 Metaspace       used 72058K, capacity 75850K, committed 76032K, reserved 1116160K
  class space    used 9306K, capacity 9944K, committed 9984K, reserved 1048576K
Event: 12.934 GC heap after
Heap after GC invocations=13 (full 3):
 PSYoungGen      total 285184K, used 18495K [0x000000076bd80000, 0x000000077f380000, 0x00000007c0000000)
  eden space 265216K, 0% used [0x000000076bd80000,0x000000076bd80000,0x000000077c080000)
  from space 19968K, 92% used [0x000000077d600000,0x000000077e80fea8,0x000000077e980000)
  to   space 22016K, 0% used [0x000000077c080000,0x000000077c080000,0x000000077d600000)
 ParOldGen       total 226304K, used 27533K [0x00000006c3800000, 0x00000006d1500000, 0x000000076bd80000)
  object space 226304K, 12% used [0x00000006c3800000,0x00000006c52e35f8,0x00000006d1500000)
 Metaspace       used 72058K, capacity 75850K, committed 76032K, reserved 1116160K
  class space    used 9306K, capacity 9944K, committed 9984K, reserved 1048576K
}
Event: 13.608 GC heap before
{Heap before GC invocations=14 (full 3):
 PSYoungGen      total 285184K, used 283711K [0x000000076bd80000, 0x000000077f380000, 0x00000007c0000000)
  eden space 265216K, 100% used [0x000000076bd80000,0x000000077c080000,0x000000077c080000)
  from space 19968K, 92% used [0x000000077d600000,0x000000077e80fea8,0x000000077e980000)
  to   space 22016K, 0% used [0x000000077c080000,0x000000077c080000,0x000000077d600000)
 ParOldGen       total 226304K, used 27533K [0x00000006c3800000, 0x00000006d1500000, 0x000000076bd80000)
  object space 226304K, 12% used [0x00000006c3800000,0x00000006c52e35f8,0x00000006d1500000)
 Metaspace       used 75130K, capacity 79338K, committed 79488K, reserved 1118208K
  class space    used 9680K, capacity 10336K, committed 10368K, reserved 1048576K
Event: 13.638 GC heap after
Heap after GC invocations=14 (full 3):
 PSYoungGen      total 287232K, used 22009K [0x000000076bd80000, 0x000000077f380000, 0x00000007c0000000)
  eden space 265216K, 0% used [0x000000076bd80000,0x000000076bd80000,0x000000077c080000)
  from space 22016K, 99% used [0x000000077c080000,0x000000077d5fe658,0x000000077d600000)
  to   space 19968K, 0% used [0x000000077d600000,0x000000077d600000,0x000000077e980000)
 ParOldGen       total 226304K, used 40044K [0x00000006c3800000, 0x00000006d1500000, 0x000000076bd80000)
  object space 226304K, 17% used [0x00000006c3800000,0x00000006c5f1b1c8,0x00000006d1500000)
 Metaspace       used 75130K, capacity 79338K, committed 79488K, reserved 1118208K
  class space    used 9680K, capacity 10336K, committed 10368K, reserved 1048576K
}

